2025-08-06 12:49:00,766 | INFO | Log file started: logs/train_20250806_124900.log
2025-08-06 12:49:00,824 | INFO | Loading CIFAR-100 dataset...
100% 169M/169M [00:05<00:00, 29.6MB/s]
2025-08-06 12:49:10,724 | INFO | 
Training ViT...
2025-08-06 12:49:12,128 | INFO | Loading pretrained weights from Hugging Face hub (timm/vit_base_patch16_224.augreg2_in21k_ft_in1k)
model.safetensors: 100% 346M/346M [00:01<00:00, 340MB/s]
2025-08-06 12:49:13,301 | INFO | [timm/vit_base_patch16_224.augreg2_in21k_ft_in1k] Safe alternative available for 'pytorch_model.bin' (as 'model.safetensors'). Loading weights using safetensors.
Epoch 1/5 - Training: 100% 352/352 [12:09<00:00,  2.07s/it]
2025-08-06 13:01:53,020 | INFO | Epoch 1: Train Loss=356.2953, Train Acc=74.01%, Val Acc=83.64%
2025-08-06 13:01:53,661 | INFO | Best model saved to checkpoints/best_vit.pth
Epoch 2/5 - Training: 100% 352/352 [12:24<00:00,  2.11s/it]
2025-08-06 13:14:47,459 | INFO | Epoch 2: Train Loss=153.3387, Train Acc=87.02%, Val Acc=80.28%
Epoch 3/5 - Training: 100% 352/352 [12:24<00:00,  2.12s/it]
2025-08-06 13:27:41,884 | INFO | Epoch 3: Train Loss=161.5879, Train Acc=86.14%, Val Acc=76.60%
Epoch 4/5 - Training: 100% 352/352 [12:25<00:00,  2.12s/it]
2025-08-06 13:40:37,009 | INFO | Epoch 4: Train Loss=171.2325, Train Acc=85.40%, Val Acc=75.20%
Epoch 5/5 - Training: 100% 352/352 [12:26<00:00,  2.12s/it]
2025-08-06 13:53:33,605 | INFO | Epoch 5: Train Loss=168.5555, Train Acc=85.44%, Val Acc=69.96%
2025-08-06 13:55:31,407 | INFO | [ViT] Test Accuracy: 71.88%
2025-08-06 13:55:31,407 | INFO | 
Training ResNet...
/usr/local/lib/python3.11/dist-packages/torchvision/models/_utils.py:208: UserWarning: The parameter 'pretrained' is deprecated since 0.13 and may be removed in the future, please use 'weights' instead.
  warnings.warn(
/usr/local/lib/python3.11/dist-packages/torchvision/models/_utils.py:223: UserWarning: Arguments other than a weight enum or `None` for 'weights' are deprecated since 0.13 and may be removed in the future. The current behavior is equivalent to passing `weights=ResNet50_Weights.IMAGENET1K_V1`. You can also use `weights=ResNet50_Weights.DEFAULT` to get the most up-to-date weights.
  warnings.warn(msg)
Downloading: "https://download.pytorch.org/models/resnet50-0676ba61.pth" to /root/.cache/torch/hub/checkpoints/resnet50-0676ba61.pth
100% 97.8M/97.8M [00:00<00:00, 204MB/s]
Epoch 1/5 - Training: 100% 352/352 [04:15<00:00,  1.38it/s]
2025-08-06 13:59:56,031 | INFO | Epoch 1: Train Loss=1142.9877, Train Acc=34.48%, Val Acc=60.60%
2025-08-06 13:59:56,181 | INFO | Best model saved to checkpoints/best_resnet.pth
Epoch 2/5 - Training: 100% 352/352 [04:15<00:00,  1.38it/s]
2025-08-06 14:04:19,233 | INFO | Epoch 2: Train Loss=467.9353, Train Acc=67.84%, Val Acc=72.80%
2025-08-06 14:04:19,543 | INFO | Best model saved to checkpoints/best_resnet.pth
Epoch 3/5 - Training: 100% 352/352 [04:15<00:00,  1.38it/s]
2025-08-06 14:08:43,126 | INFO | Epoch 3: Train Loss=307.4388, Train Acc=76.80%, Val Acc=77.00%
2025-08-06 14:08:43,340 | INFO | Best model saved to checkpoints/best_resnet.pth
Epoch 4/5 - Training: 100% 352/352 [04:15<00:00,  1.38it/s]
2025-08-06 14:13:06,533 | INFO | Epoch 4: Train Loss=232.4544, Train Acc=81.91%, Val Acc=77.68%
2025-08-06 14:13:06,879 | INFO | Best model saved to checkpoints/best_resnet.pth
Epoch 5/5 - Training: 100% 352/352 [04:15<00:00,  1.38it/s]
2025-08-06 14:17:30,492 | INFO | Epoch 5: Train Loss=183.4221, Train Acc=85.66%, Val Acc=78.72%
2025-08-06 14:17:30,736 | INFO | Best model saved to checkpoints/best_resnet.pth
2025-08-06 14:18:02,561 | INFO | [ResNet] Test Accuracy: 79.30%
